<?xml version="1.0" encoding="UTF-8"?>
<!-- Generated by org.testng.reporters.JUnitReportReporter -->
<testsuite hostname="SaiTouch" name="com.vmetry.NTL.intializer.InitializerTest" tests="1" failures="0" timestamp="17 Sep 2016 08:16:01 GMT" time="0.016" errors="0">
  <testcase name="intialize" time="0.016" classname="com.vmetry.NTL.intializer.InitializerTest"/>
</testsuite> <!-- com.vmetry.NTL.intializer.InitializerTest -->
