<?xml version="1.0" encoding="UTF-8"?>
<!-- Generated by org.testng.reporters.JUnitReportReporter -->
<testsuite hostname="SaiTouch" name="com.vmetry.NLT.Util.ReportGenerator" tests="1" failures="0" timestamp="25 Sep 2016 08:51:47 GMT" time="0.485" errors="0">
  <testcase name="archievefiles" time="0.485" classname="com.vmetry.NLT.Util.ReportGenerator"/>
</testsuite> <!-- com.vmetry.NLT.Util.ReportGenerator -->
