<?xml version="1.0" encoding="UTF-8"?>
<!-- Generated by org.testng.reporters.JUnitReportReporter -->
<testsuite hostname="SaiTouch" name="temp.ReportTest" tests="3" failures="0" timestamp="24 Sep 2016 08:12:58 GMT" time="152.479" errors="0">
  <testcase name="bingTest" time="12.509" classname="temp.ReportTest"/>
  <testcase name="yahooTest" time="72.067" classname="temp.ReportTest"/>
  <testcase name="googleTest" time="67.903" classname="temp.ReportTest"/>
</testsuite> <!-- temp.ReportTest -->
